  EZG-1.cpp
C:\Users\robar\source\repos\EZG-1\EZG-1\Shader.h(4,10): warning C4067: unexpected tokens following preprocessor directive - expected a newline
C:\Users\robar\source\repos\EZG-1\EZG-1\Mesh.h(100,1): warning C4267: 'argument': conversion from 'size_t' to 'GLsizei', possible loss of data
C:\Users\robar\source\repos\EZG-1\EZG-1\KDTree.h(2,10): warning C4067: unexpected tokens following preprocessor directive - expected a newline
C:\Users\robar\source\repos\EZG-1\EZG-1\EZG-1.cpp(396,24): warning C4244: 'initializing': conversion from 'double' to 'float', possible loss of data
C:\Users\robar\source\repos\EZG-1\EZG-1\EZG-1.cpp(470,20): warning C4305: 'initializing': truncation from 'double' to 'float'
C:\Users\robar\source\repos\EZG-1\EZG-1\EZG-1.cpp(907,11): warning C4244: '=': conversion from 'double' to 'float', possible loss of data
C:\Users\robar\source\repos\EZG-1\EZG-1\EZG-1.cpp(908,11): warning C4244: '=': conversion from 'double' to 'float', possible loss of data
C:\Users\robar\source\repos\EZG-1\EZG-1\EZG-1.cpp(915,16): warning C4244: 'initializing': conversion from 'double' to 'float', possible loss of data
C:\Users\robar\source\repos\EZG-1\EZG-1\EZG-1.cpp(916,16): warning C4244: 'initializing': conversion from 'double' to 'float', possible loss of data
C:\Users\robar\source\repos\EZG-1\EZG-1\EZG-1.cpp(918,10): warning C4244: '=': conversion from 'double' to 'float', possible loss of data
C:\Users\robar\source\repos\EZG-1\EZG-1\EZG-1.cpp(919,10): warning C4244: '=': conversion from 'double' to 'float', possible loss of data
  KDTree.cpp
C:\Users\robar\source\repos\EZG-1\EZG-1\EZG-1.cpp(932,28): warning C4244: 'argument': conversion from 'double' to 'float', possible loss of data
C:\Users\robar\source\repos\EZG-1\EZG-1\KDTree.h(2,10): warning C4067: unexpected tokens following preprocessor directive - expected a newline
C:\Users\robar\source\repos\EZG-1\EZG-1\Shader.h(4,10): warning C4067: unexpected tokens following preprocessor directive - expected a newline
C:\Users\robar\source\repos\EZG-1\EZG-1\Mesh.h(100,1): warning C4267: 'argument': conversion from 'size_t' to 'GLsizei', possible loss of data
  Generating code
  1 of 1273 functions (<0.1%) were compiled, the rest were copied from previous compilation.
    0 functions were new in current compilation
    9 functions had inline decision re-evaluated but remain unchanged
  Finished generating code
  EZG-1.vcxproj -> C:\Users\robar\source\repos\EZG-1\x64\Release\EZG-1.exe
