c:\users\robar\source\repos\ezg-1\ezg-1\x64\debug\vc142.pdb
c:\users\robar\source\repos\ezg-1\ezg-1\x64\debug\vc142.idb
c:\users\robar\source\repos\ezg-1\ezg-1\x64\debug\triangle.obj
c:\users\robar\source\repos\ezg-1\ezg-1\x64\debug\stb_image.obj
c:\users\robar\source\repos\ezg-1\ezg-1\x64\debug\sceneobject.obj
c:\users\robar\source\repos\ezg-1\ezg-1\x64\debug\scene.obj
c:\users\robar\source\repos\ezg-1\ezg-1\x64\debug\ezg-1.obj
c:\users\robar\source\repos\ezg-1\ezg-1\x64\debug\glad.obj
c:\users\robar\source\repos\ezg-1\ezg-1\x64\debug\kdtree.obj
c:\users\robar\source\repos\ezg-1\ezg-1\x64\debug\kdnode.obj
c:\users\robar\source\repos\ezg-1\ezg-1\x64\debug\timer.obj
c:\users\robar\source\repos\spg cascade\ezg-1\x64\debug\vc142.pdb
c:\users\robar\source\repos\spg cascade\ezg-1\x64\debug\vc142.idb
c:\users\robar\source\repos\spg cascade\ezg-1\x64\debug\triangle.obj
c:\users\robar\source\repos\spg cascade\ezg-1\x64\debug\timer.obj
c:\users\robar\source\repos\spg cascade\ezg-1\x64\debug\stb_image.obj
c:\users\robar\source\repos\spg cascade\ezg-1\x64\debug\sceneobject.obj
c:\users\robar\source\repos\spg cascade\ezg-1\x64\debug\scene.obj
c:\users\robar\source\repos\spg cascade\ezg-1\x64\debug\ezg-1.obj
c:\users\robar\source\repos\spg cascade\ezg-1\x64\debug\glad.obj
c:\users\robar\source\repos\spg abgabe 1\spg cascade\ezg-1\x64\debug\vc142.pdb
c:\users\robar\source\repos\spg abgabe 1\spg cascade\ezg-1\x64\debug\vc142.idb
c:\users\robar\source\repos\spg abgabe 1\spg cascade\ezg-1\x64\debug\timer.obj
c:\users\robar\source\repos\spg abgabe 1\spg cascade\ezg-1\x64\debug\stb_image.obj
c:\users\robar\source\repos\spg abgabe 1\spg cascade\ezg-1\x64\debug\ezg-1.obj
c:\users\robar\source\repos\spg abgabe 1\spg cascade\ezg-1\x64\debug\glad.obj
c:\users\robar\source\repos\spg abgabe 1\spg cascade\ezg-1\x64\debug\imageloader.obj
c:\users\robar\source\repos\spg abgabe 1\spg cascade\ezg-1\x64\debug\shader.obj
c:\users\robar\source\repos\ezg-1\x64\debug\ezg-1.exe
c:\users\robar\source\repos\ezg-1\x64\debug\ezg-1.ilk
c:\users\robar\source\repos\ezg-1\x64\debug\ezg-1.pdb
c:\users\robar\source\repos\spg cascade\x64\debug\ezg-1.ilk
c:\users\robar\source\repos\spg cascade\x64\debug\ezg-1.exe
c:\users\robar\source\repos\spg cascade\x64\debug\ezg-1.pdb
c:\users\robar\source\repos\spg abgabe 1\spg cascade\x64\debug\ezg-1.exe
c:\users\robar\source\repos\spg abgabe 1\spg cascade\x64\debug\ezg-1.ilk
c:\users\robar\source\repos\spg abgabe 1\spg cascade\x64\debug\ezg-1.pdb
c:\users\robar\source\repos\spg abgabe 1\spg cascade\ezg-1\x64\debug\kdnode.obj
c:\users\robar\source\repos\spg abgabe 1\spg cascade\ezg-1\x64\debug\kdtree.obj
c:\users\robar\source\repos\spg abgabe 1\spg cascade\ezg-1\x64\debug\scene.obj
c:\users\robar\source\repos\spg abgabe 1\spg cascade\ezg-1\x64\debug\sceneobject.obj
c:\users\robar\source\repos\spg abgabe 1\spg cascade\ezg-1\x64\debug\triangle.obj
c:\users\robar\source\repos\spg abgabe 1\spg cascade\ezg-1\x64\debug\ezg-1.obj.enc
c:\users\robar\source\repos\spg abgabe 1\spg cascade\ezg-1\x64\debug\ezg-1.tlog\cl.command.1.tlog
c:\users\robar\source\repos\spg abgabe 1\spg cascade\ezg-1\x64\debug\ezg-1.tlog\cl.read.1.tlog
c:\users\robar\source\repos\spg abgabe 1\spg cascade\ezg-1\x64\debug\ezg-1.tlog\cl.write.1.tlog
c:\users\robar\source\repos\spg abgabe 1\spg cascade\ezg-1\x64\debug\ezg-1.tlog\link.command.1.tlog
c:\users\robar\source\repos\spg abgabe 1\spg cascade\ezg-1\x64\debug\ezg-1.tlog\link.read.1.tlog
c:\users\robar\source\repos\spg abgabe 1\spg cascade\ezg-1\x64\debug\ezg-1.tlog\link.write.1.tlog
